[16:40:02.15] /o 
              /c                                 Custom Compiler™ 
              /c 
              /c               Version W-2024.09-SP1-2 for linux64 - Jan 16, 2025 
              /c 
              /c                     Copyright (c) 2004 - 2025 Synopsys, Inc.
              /c    This software and the associated documentation are proprietary to Synopsys,
              /c  Inc. This software may only be used in accordance with the terms and conditions
              /c  of a written license agreement with Synopsys, Inc. All other use, reproduction,
              /c    or distribution of this software is strictly prohibited.  Licensed Products
              /c      communicate with Synopsys servers for the purpose of providing software
              /c     updates, detecting software piracy and verifying that customers are using
              /c     Licensed Products in conformity with the applicable License Key for such
              /c   Licensed Products. Synopsys will use information gathered in connection with
              /c     this process to deliver software updates and pursue software pirates and
              /c                                    infringers.
              /c 
              /c  Inclusivity & Diversity - Visit SolvNetPlus to read the "Synopsys Statement on
              /c             Inclusivity and Diversity" (Refer to article 000036315 at
              /c                         https://solvnetplus.synopsys.com)
              /c 
              /c Build  (OPT) Config 11256978 compiled on Thu Jan 16 10:52:27 2025 for AlmaLinux 8.4
              /c Invocation: /mnt/apps/public/COE/synopsys_apps/customcompiler/W-2024.09-SP1-2/linux64/platform/bin/custom_compiler
              /c Execution time: Fri Aug 22 16:39:54 2025
              /c Host: claws-compute3.ece.ncsu.edu
              /c Working directory: /home/jckesle2/180-voltmeter/Analog/cc
              /c 
[16:40:05.78] /m Information: Registering ICV PERC package...
[16:40:06.38] /r giShowFrameTabs true
[16:40:06.38] /r giWindowId 1
[16:40:06.38] /r giWindowGeometry 1040x800
[16:40:19.72] /i gi::pressButton {/scroll/scrollArea/scrollAreaInnerWidget/applications/dmLibraryManager} -in [gi::getWindows 1]
[16:40:20.03] /r giWindowId 2
[16:40:20.03] /r giWindowGeometry 660x600+50+50
[16:40:20.89] /i gi::setCurrentIndex {libs} -index {gf180mcu} -in [gi::getWindows 2]
[16:40:21.04] /i gi::setItemSelection {libs} -index {gf180mcu} -in [gi::getWindows 2]
[16:40:21.66] /i gi::setCurrentIndex {cells} -index {nmoscap_3p3} -in [gi::getWindows 2]
[16:40:21.83] /i gi::setItemSelection {cells} -index {nmoscap_3p3} -in [gi::getWindows 2]
[16:40:22.47] /i gi::setCurrentIndex {views} -index {symbol} -in [gi::getWindows 2]
[16:40:22.54] /i gi::setItemSelection {views} -index {symbol} -in [gi::getWindows 2]
[16:40:22.97] /i gi::setCurrentIndex {views} -index {hspiceD} -in [gi::getWindows 2]
[16:40:23.03] /i gi::setItemSelection {views} -index {hspiceD} -in [gi::getWindows 2]
[16:40:23.67] /i gi::setCurrentIndex {cells} -index {npolyf_u} -in [gi::getWindows 2]
[16:40:23.96] /i gi::setItemSelection {cells} -index {npolyf_u} -in [gi::getWindows 2]
[16:40:26.75] /i gi::executeAction {menuPreShow} -in [gi::getWindows 2]
[16:40:26.75] /r giMenuAccess db::getNext [gi::getMenus dmEditMenu -from [gi::getWindows 2]]
[16:40:31.53] /i exit
[16:40:31.59] /r giDialog gi::setActiveDialog [gi::getDialogs {deExitDialog} -parent [gi::getWindows 2]]
[16:40:31.88] /r giDialog db::setAttr geometry -of [gi::getDialogs {deExitDialog} -parent [gi::getWindows 2]] -value 419x185+750+441
[16:40:32.84] /r giDialog gi::pressButton {ok} -in [gi::getDialogs {deExitDialog} -parent [gi::getWindows 2]]
[16:40:33.56] /o Shutdown time: Fri Aug 22 16:40:33 2025
[16:40:33.56] /o Elapsed session real time: 0.58 minutes
[16:40:33.56] /o Session terminated. Log is at /home/jckesle2/180-voltmeter/Analog/cc/synopsys_custom/logs/ccompiler.jckesle2.2025_8_22_163954_865132.log
